
> dev:session
> ts-node-dev --respawn --transpile-only src/session/runner.ts

[INFO] 03:29:13 ts-node-dev ver. 2.0.0 (using ts-node ver. 10.9.2, typescript ver. 5.9.3)
Session runner starting: session=sess-2 Redis=127.0.0.1:6379
Registered new session as IDLE: sess-2
[INFO] 04:39:54 Restarting: /home/jdale/queue-sim/queue-sim/src/session/runner.ts has been modified
Session runner starting: session=sess-2 Redis=127.0.0.1:6379
Session already exists in Redis: sess-2
[INFO] 04:43:04 Reinitializing TS compilation
[INFO] 04:43:05 Restarting: /home/jdale/queue-sim/queue-sim/tsconfig.json has been modified
Session runner starting: session=sess-2 Redis=127.0.0.1:6379
Session already exists in Redis: sess-2
[INFO] 01:34:18 Restarting: /home/jdale/queue-sim/queue-sim/src/session/runner.ts has been modified
Session runner starting: session=sess-2 Redis=127.0.0.1:6379
Session already exists in Redis: sess-2
[INFO] 01:35:55 Restarting: /home/jdale/queue-sim/queue-sim/src/session/runner.ts has been modified
Session runner starting: session=sess-2 Redis=127.0.0.1:6379
Session already exists in Redis: sess-2
Game running game=0998fc6d-1be8-46fa-b1e9-270f7299fa28 endsInMs=76985
Game running game=0998fc6d-1be8-46fa-b1e9-270f7299fa28 endsInMs=71976
Game running game=0998fc6d-1be8-46fa-b1e9-270f7299fa28 endsInMs=66963
Game running game=0998fc6d-1be8-46fa-b1e9-270f7299fa28 endsInMs=61957
Game running game=0998fc6d-1be8-46fa-b1e9-270f7299fa28 endsInMs=56950
Game running game=0998fc6d-1be8-46fa-b1e9-270f7299fa28 endsInMs=51941
Game running game=0998fc6d-1be8-46fa-b1e9-270f7299fa28 endsInMs=46933
Game running game=0998fc6d-1be8-46fa-b1e9-270f7299fa28 endsInMs=41925
Game running game=0998fc6d-1be8-46fa-b1e9-270f7299fa28 endsInMs=36916
Game running game=0998fc6d-1be8-46fa-b1e9-270f7299fa28 endsInMs=31912
Game running game=0998fc6d-1be8-46fa-b1e9-270f7299fa28 endsInMs=26903
Game running game=0998fc6d-1be8-46fa-b1e9-270f7299fa28 endsInMs=21896
Game running game=0998fc6d-1be8-46fa-b1e9-270f7299fa28 endsInMs=16888
Game running game=0998fc6d-1be8-46fa-b1e9-270f7299fa28 endsInMs=11881
Game running game=0998fc6d-1be8-46fa-b1e9-270f7299fa28 endsInMs=6871
Game running game=0998fc6d-1be8-46fa-b1e9-270f7299fa28 endsInMs=1863
MATCH_ENDED game=0998fc6d-1be8-46fa-b1e9-270f7299fa28 session=sess-2 players=100
[INFO] 01:52:14 Restarting: /home/jdale/queue-sim/queue-sim/src/session/runner.ts has been modified
Session runner starting: session=sess-2 Redis=127.0.0.1:6379
Session already exists in Redis: sess-2
[INFO] 01:52:21 Restarting: /home/jdale/queue-sim/queue-sim/src/session/runner.ts has been modified
Session runner starting: session=sess-2 Redis=127.0.0.1:6379
Session already exists in Redis: sess-2
MATCH_ENDED game=26fe9e98-6295-45eb-a942-bbab6da0daf0 session=24083ad6-f681-489d-86c1-ff1d88436f23 players=100
MATCH_ENDED game=cf73e13a-3aec-4cd7-82be-65e66410c44a session=7ec3aaa1-0671-4a4a-93e4-a17e717486d1 players=100
MATCH_ENDED game=c6d0a0c1-c785-4135-b2af-693d77872c77 session=03dc6e92-ab30-471c-a127-5b79f2dbce75 players=100
MATCH_ENDED game=79374dff-c0d1-45fe-9e00-69f76631e471 session=dff363ec-6dd6-4b83-b2a3-72d0df9f51c6 players=100
MATCH_ENDED game=917667eb-8eff-4849-9ca6-1caf64f69493 session=2370ac79-86d7-40ce-9d43-e74e3e699717 players=100
MATCH_ENDED game=a9acdce0-3413-4119-80a5-80946867c87a session=ceb66f89-a7bb-4875-88c5-1dd6b22602af players=100
nMs=36716
Game running game=0998fc6d-1be8-46fa-b1e9-270f7299fa28 endsInMs=31708
Game running game=0998fc6d-1be8-46fa-b1e9-270f7299fa28 endsInMs=26699
Game running game=0998fc6d-1be8-46fa-b1e9-270f7299fa28 endsInMs=21689
Game running game=0998fc6d-1be8-46fa-b1e9-270f7299fa28 endsInMs=16680
Game running game=0998fc6d-1be8-46fa-b1e9-270f7299fa28 endsInMs=11670
Game running game=0998fc6d-1be8-46fa-b1e9-270f7299fa28 endsInMs=6662
Game running game=0998fc6d-1be8-46fa-b1e9-270f7299fa28 endsInMs=1658
MATCH_ENDED game=0998fc6d-1be8-46fa-b1e9-270f7299fa28 session=sess-2 players=100
[INFO] 01:52:13 Restarting: /home/jdale/queue-sim/queue-sim/src/session/runner.ts has been modified
Session runner starting: session=sess-2 Redis=127.0.0.1:6379
Session already exists in Redis: sess-2
[INFO] 01:52:21 Restarting: /home/jdale/queue-sim/queue-sim/src/session/runner.ts has been modified
Session runner starting: session=sess-2 Redis=127.0.0.1:6379
Session already exists in Redis: sess-2
MATCH_ENDED game=3e7392ab-b391-4e0f-b3d6-694816197367 session=80c75a33-efc2-46ba-a60e-f3375f1274d8 players=100
MATCH_ENDED game=2485ff04-8445-4de6-963c-220249b997e9 session=e8f732e2-298f-4142-a12e-713219a40a7d players=100
MATCH_ENDED game=a953fe49-ca1e-4ddb-b641-27a6cee7bcc4 session=99ad3f14-b2cf-4d72-899c-478c69b9920d players=100
MATCH_ENDED game=e8fc0aac-f926-4e71-b7f2-41009b345a64 session=fe04184f-8199-415e-a64b-944a8bab6077 players=100
MATCH_ENDED game=928a113c-6dcb-4188-8552-43ee1d2fa404 session=759485ba-14ca-4f0c-904f-1de42e3e24af players=100
MATCH_ENDED game=2001cf19-b5ae-46d5-b836-599c5435730a session=9c628553-b3d0-4d91-b11d-b5c062f32de5 players=100
MATCH_ENDED game=882425af-4c0a-4655-8e62-d2a81383c9d9 session=d6c2c69e-ca70-4099-9710-843bb7af99b8 players=100
e8-46fa-b1e9-270f7299fa28 endsInMs=46809
Game running game=0998fc6d-1be8-46fa-b1e9-270f7299fa28 endsInMs=41802
Game running game=0998fc6d-1be8-46fa-b1e9-270f7299fa28 endsInMs=36794
Game running game=0998fc6d-1be8-46fa-b1e9-270f7299fa28 endsInMs=31786
Game running game=0998fc6d-1be8-46fa-b1e9-270f7299fa28 endsInMs=26779
Game running game=0998fc6d-1be8-46fa-b1e9-270f7299fa28 endsInMs=21772
Game running game=0998fc6d-1be8-46fa-b1e9-270f7299fa28 endsInMs=16764
Game running game=0998fc6d-1be8-46fa-b1e9-270f7299fa28 endsInMs=11756
Game running game=0998fc6d-1be8-46fa-b1e9-270f7299fa28 endsInMs=6751
Game running game=0998fc6d-1be8-46fa-b1e9-270f7299fa28 endsInMs=1743
MATCH_ENDED game=0998fc6d-1be8-46fa-b1e9-270f7299fa28 session=sess-2 players=100
[INFO] 01:52:13 Restarting: /home/jdale/queue-sim/queue-sim/src/session/runner.ts has been modified
Session runner starting: session=sess-2 Redis=127.0.0.1:6379
Session already exists in Redis: sess-2
[INFO] 01:52:21 Restarting: /home/jdale/queue-sim/queue-sim/src/session/runner.ts has been modified
Session runner starting: session=sess-2 Redis=127.0.0.1:6379
Session already exists in Redis: sess-2
MATCH_ENDED game=04141f9f-7dcf-44a6-b6b7-fd4dadc328e9 session=b4acb243-09c9-45f5-9109-999520cea4b1 players=100
MATCH_ENDED game=d4a764b3-ed24-4132-8fb1-b44af2d0d205 session=7d799cdf-fed6-4adb-b93e-4efedaab7eef players=100
MATCH_ENDED game=2b299612-70ba-407f-95c5-66572a3336f1 session=c62402a1-6b16-4d3c-b613-d655a5659d4b players=100
MATCH_ENDED game=c843155f-d5b0-4eda-a148-73dc7e074e77 session=2dc32f5d-cffc-4421-a845-49ef82397e77 players=100
MATCH_ENDED game=0ebb3ce1-9af0-4851-962f-0d85f810e10b session=1afcc3c1-d100-422c-85ec-038c9edbcbf3 players=100
MATCH_ENDED game=fe8b97f0-acfb-4b12-9470-9c54c5e3fe92 session=00834008-e0d1-45a6-95d9-ab1ce935224a players=100
MATCH_ENDED game=183ac28d-9aba-4a71-82bd-bec0417c886e session=900f49ec-bce7-41a9-9545-de5bf6439b59 players=100
MATCH_ENDED game=4be43899-f7b7-4769-8ca7-7e2e942d8503 session=a8c7b4c9-0612-42f8-a461-526a18bf81f8 players=100
MATCH_ENDED game=eb57dd53-6c16-40d1-aca3-12b851c00fc8 session=8f1a90c5-a817-42ce-a8eb-3649cb8bc1c9 players=100
b14-0f60fa6d8988 players=100
MATCH_ENDED game=468ddc59-5d74-42a2-8fe4-187686715370 session=80e2185e-0f54-4292-9d15-bd1fa51ad88a players=100
