
> dev:matchmaker
> ts-node-dev --respawn --transpile-only src/matchmaker/worker.ts

[INFO] 03:26:55 ts-node-dev ver. 2.0.0 (using ts-node ver. 10.9.2, typescript ver. 5.9.3)
Matchmaker starting. Redis at 127.0.0.1:6379
[INFO] 04:39:14 Restarting: /home/jdale/queue-sim/queue-sim/src/matchmaker/worker.ts has been modified
Matchmaker starting. Redis at 127.0.0.1:6379
[INFO] 04:40:09 Restarting: /home/jdale/queue-sim/queue-sim/src/matchmaker/worker.ts has been modified
Matchmaker starting. Redis at 127.0.0.1:6379
[INFO] 04:40:21 Restarting: /home/jdale/queue-sim/queue-sim/src/matchmaker/worker.ts has been modified
Matchmaker starting. Redis at 127.0.0.1:6379
[INFO] 04:43:04 Reinitializing TS compilation
[INFO] 04:43:05 Restarting: /home/jdale/queue-sim/queue-sim/tsconfig.json has been modified
Matchmaker starting. Redis at 127.0.0.1:6379
[INFO] 01:34:05 Restarting: /home/jdale/queue-sim/queue-sim/src/matchmaker/worker.ts has been modified
Matchmaker starting. Redis at 127.0.0.1:6379
[INFO] 01:35:54 Restarting: /home/jdale/queue-sim/queue-sim/src/matchmaker/worker.ts has been modified
Matchmaker starting. Redis at 127.0.0.1:6379
MATCH_FOUND game=984a1e20-0ac1-4958-81f2-3f528a6c29bc session=1516850c-658b-4a76-9f0d-7d6563e8b621 players=100 endAt=2026-02-14T01:45:16.679Z
MATCH_FOUND game=7b7a24ae-219a-4304-b741-6c6a76ec70f4 session=a79ddb2a-6d4e-4b3d-bd79-e6ff76138f25 players=100 endAt=2026-02-14T01:48:56.135Z
MATCH_FOUND game=e0dbc58d-bb54-4b7b-9d02-bd2710bfe5c9 session=3f0f037d-3788-4844-86df-fd39dfb296f3 players=100 endAt=2026-02-14T01:56:24.215Z
MATCH_FOUND game=214ac8f8-e289-4d6d-a64c-b271856ee263 session=7ee82fa7-f555-470e-88aa-4ee91d5d6f5d players=100 endAt=2026-02-14T01:57:10.338Z
MATCH_FOUND game=d4dc0ee7-f045-40d5-be4f-8a40513f2867 session=26117629-5c20-47ac-8504-b2424f2dc3ee players=100 endAt=2026-02-14T02:20:05.874Z
MATCH_FOUND game=3374e8c9-72d4-47c6-8ad5-00d0bb9e86bf session=ae754691-a58b-4665-8feb-2c31c0011317 players=100 endAt=2026-02-14T02:24:07.440Z
[INFO] 02:26:56 Restarting: /home/jdale/queue-sim/queue-sim/src/matchmaker/worker.ts has been modified
Matchmaker starting. Redis at 127.0.0.1:6379
MATCH_FOUND game=6d335eb4-2f27-4855-9bdf-6afca79e4911 session=2407797a-bb4a-4fe2-9e64-e8cd3586dd0c players=100 endAt=2026-02-14T02:29:38.027Z
[INFO] 02:29:56 Restarting: /home/jdale/queue-sim/queue-sim/src/matchmaker/worker.ts has been modified
Matchmaker starting. Redis at 127.0.0.1:6379
[INFO] 02:33:03 Restarting: /home/jdale/queue-sim/queue-sim/src/matchmaker/worker.ts has been modified
Matchmaker starting. Redis at 127.0.0.1:6379
[INFO] 02:35:37 Restarting: /home/jdale/queue-sim/queue-sim/src/matchmaker/worker.ts has been modified
Matchmaker starting. Redis at 127.0.0.1:6379
MATCH_FOUND game=24f00205-b653-4806-adf1-2374535b3f4f session=d1f3af2b-f632-4778-a305-51d7b4959b36 players=100 endAt=2026-02-14T02:40:47.029Z
MATCH_FOUND game=1a42ef77-9b5e-435e-984b-f7a32f89f35e session=021554fb-d3de-4b70-8a7d-cd71419cc3db players=100 endAt=2026-02-14T02:38:24.995Z
MATCH_FOUND game=53aaba98-e6f6-49f0-a065-6bb9115c7318 session=950daa4b-4222-4f9f-8d28-2ab579565a46 players=100 endAt=2026-02-14T02:41:14.089Z
MATCH_FOUND game=a8fbbc72-7e50-4e22-b8d4-31bd55f939ad session=430c7ba0-94e3-49c1-9369-8f4f0820c444 players=100 endAt=2026-02-14T02:41:54.097Z
MATCH_FOUND game=3c1e153b-5603-43dc-b50e-243a200e217b session=be0efda5-a84e-4c79-8665-7833748d955d players=100 endAt=2026-02-14T02:43:17.097Z
MATCH_FOUND game=a789efe9-4277-46b8-a5bd-5aa7a869244d session=2407797a-bb4a-4fe2-9e64-e8cd3586dd0c players=100 endAt=2026-02-14T02:44:18.796Z
MATCH_FOUND game=6e1c4e33-2f1f-415a-9bb4-db2c341a6dfb session=5b6a15eb-2ba1-4e86-91e2-6a3f91f05c47 players=100 endAt=2026-02-14T02:44:13.476Z
MATCH_FOUND game=9d8741a5-e34b-4135-ba1e-f8ec8ceb6ce7 session=4f9598b0-3e08-47d3-b918-4071a778d85b players=100 endAt=2026-02-14T02:48:29.615Z
MATCH_FOUND game=3adb7a6e-3763-4c8c-ac3c-edc8eccf465b session=0f296fc9-bc47-41bb-bfdc-bae5e38c3bff players=100 endAt=2026-02-14T02:47:24.888Z
MATCH_FOUND game=3cfb2773-821c-41d9-9b7c-413198965741 session=d70420df-8e28-4872-b1bf-3b95dd33e189 players=100 endAt=2026-02-14T02:55:53.281Z
MATCH_FOUND game=06796a1d-2542-42e6-b73d-9e520cdc7a06 session=db12f825-2d30-4907-b6b1-6099ea8e3643 players=100 endAt=2026-02-14T02:56:06.883Z
MATCH_FOUND game=9ce38375-62d8-4217-8b56-c50be3a8a34c session=f1c0dff1-b9d5-4f9c-bd82-6e726daf9e56 players=100 endAt=2026-02-14T02:57:46.777Z
MATCH_FOUND game=a0383580-9b6c-447c-86aa-ac797738c81a session=586c8e9f-20bd-4b75-b951-001afa00172d players=100 endAt=2026-02-14T02:56:35.884Z
MATCH_FOUND game=c4fd2e39-478e-43c2-99c2-d7038ae7c464 session=5b10ca1f-d9cc-46c0-b8d2-d04b7af3e499 players=100 endAt=2026-02-14T02:56:48.612Z
MATCH_FOUND game=145b0994-d216-4450-9f50-879376451024 session=ae61948f-8b9a-41bd-b21e-789136b69761 players=100 endAt=2026-02-14T02:58:10.175Z
MATCH_FOUND game=a455782a-85a4-499e-b402-ccff523fb426 session=2f9d98e2-56ec-4af3-851e-fa47d210840b players=100 endAt=2026-02-14T02:55:56.082Z
MATCH_FOUND game=b0cd2f42-de71-4849-bec0-8faeb009cd8b session=39a88144-dce3-47a1-80b7-62a568c0d0df players=100 endAt=2026-02-14T02:58:01.727Z
MATCH_FOUND game=7b2b6156-28db-4709-b093-3e7021c863fe session=6d6962d7-5b54-41a0-91ae-feef154368da players=100 endAt=2026-02-14T02:59:25.387Z
MATCH_FOUND game=afcac413-22da-4bae-9211-76a8c382f9bd session=e357c80c-2598-4a08-9385-65842f0067b1 players=100 endAt=2026-02-14T02:58:28.110Z
MATCH_FOUND game=ca02df6f-1910-4b0f-b0f2-ca211c59e719 session=a462f952-c36f-4b3b-94ea-a3b82e8a20fa players=100 endAt=2026-02-14T03:09:32.337Z
MATCH_FOUND game=1d353125-7708-416c-87c0-bc2a1b3290e7 session=312de720-83d0-436b-a178-c6aee3429768 players=100 endAt=2026-02-14T03:10:34.510Z
MATCH_FOUND game=f7e6f278-231c-4794-aae5-d37db75dc707 session=2855e964-33b7-433b-ab1b-7fd449e2bff8 players=100 endAt=2026-02-14T03:07:55.192Z
MATCH_FOUND game=82f813ce-583c-4f3c-846a-445edf6c6e56 session=7ee0fc56-d0e1-48d7-9ee5-4a058ec3c5d0 players=100 endAt=2026-02-14T03:25:25.857Z
MATCH_FOUND game=501661be-705e-41c1-a3d2-ec38c321b4b5 session=374e6d45-e830-46ba-9049-89d9f7ea8410 players=100 endAt=2026-02-14T03:25:50.420Z
MATCH_FOUND game=3c02c623-2515-45b3-9e25-e08f7126f42f session=c579d3e2-a4a0-4bf6-a117-ec882b65e2c6 players=100 endAt=2026-02-14T03:30:52.820Z
MATCH_FOUND game=eab150af-7d21-4c1c-b5ca-c2eb99c0fac1 session=323aa23e-003e-4ab8-8f51-f523f15c5cf7 players=100 endAt=2026-02-14T03:32:41.877Z
MATCH_FOUND game=c26f54fd-94cc-4b4f-ac41-e7d0d7102b10 session=3c71eb5f-3b8d-4dcd-b567-10e72726dcd2 players=100 endAt=2026-02-14T03:36:35.620Z
MATCH_FOUND game=4ab3a9c5-2344-453e-86c6-fbb4aa5334ad session=3a0a0df0-d04b-4716-958d-5d0828d11512 players=100 endAt=2026-02-14T03:36:01.453Z
MATCH_FOUND game=e87e24a9-d4de-498c-bf53-740aca53a6b7 session=abfb6e47-3825-437e-af02-a8aaa0f5b206 players=100 endAt=2026-02-14T03:43:19.011Z
[INFO] 03:41:46 Restarting: /home/jdale/queue-sim/queue-sim/src/matchmaker/worker.ts has been modified
Compilation error in /home/jdale/queue-sim/queue-sim/src/matchmaker/worker.ts
[ERROR] 03:41:47 тип Unable to compile TypeScript:
src/matchmaker/worker.ts(227,1): error TS1472: 'catch' or 'finally' expected.
src/matchmaker/worker.ts(234,1): error TS1005: '}' expected.

[INFO] 03:42:00 Restarting: /home/jdale/queue-sim/queue-sim/src/matchmaker/worker.ts has been modified
Matchmaker starting. Redis at 127.0.0.1:6379
[INFO] 03:42:49 Restarting: /home/jdale/queue-sim/queue-sim/src/matchmaker/worker.ts has been modified
Matchmaker starting. Redis at 127.0.0.1:6379
[INFO] 03:45:35 Restarting: /home/jdale/queue-sim/queue-sim/src/matchmaker/worker.ts has been modified
Compilation error in /home/jdale/queue-sim/queue-sim/src/matchmaker/worker.ts
[ERROR] 03:45:36 тип Unable to compile TypeScript:
src/matchmaker/worker.ts(122,5): error TS1128: Declaration or statement expected.
src/matchmaker/worker.ts(123,3): error TS1128: Declaration or statement expected.
src/matchmaker/worker.ts(132,1): error TS1128: Declaration or statement expected.

[INFO] 03:45:47 Restarting: /home/jdale/queue-sim/queue-sim/src/matchmaker/worker.ts has been modified
Matchmaker starting. Redis at 127.0.0.1:6379
MATCH_FOUND game=0348d2c8-e19b-4e92-8b98-6a46bd749690 session=bdda0cc0-8f5a-4992-9e60-3796690af312 players=100 endAt=2026-02-14T03:49:14.997Z
[INFO] 03:49:11 Restarting: /home/jdale/queue-sim/queue-sim/src/matchmaker/worker.ts has been modified
Matchmaker starting. Redis at 127.0.0.1:6379
